2025-11-04 17:10:49 | SessionStart | 396fbe53 | 171049-SessionStart-396fbe53.json
2025-11-04 17:10:50 | SessionStart | ced08004 | 171050-SessionStart-ced08004.json
2025-11-04 17:10:50 | SessionEnd | ced08004 | 171050-SessionEnd-ced08004.json
2025-11-04 17:10:52 | SubagentStop | 396fbe53 | 171052-SubagentStop-396fbe53.json
2025-11-04 17:11:03 | SubagentStop | 396fbe53 | 171103-SubagentStop-396fbe53.json
2025-11-04 17:12:53 | UserPromptSubmit | 396fbe53 | 171253-UserPromptSubmit-396fbe53.json
2025-11-04 17:12:59 | PreToolUse | 396fbe53 | 171259-PreToolUse-396fbe53.json
2025-11-04 17:12:59 | PostToolUse | 396fbe53 | 171259-PostToolUse-396fbe53.json
2025-11-04 17:13:15 | PreToolUse | 396fbe53 | 171315-PreToolUse-396fbe53.json
2025-11-04 17:13:15 | PostToolUse | 396fbe53 | 171315-PostToolUse-396fbe53.json
2025-11-04 17:13:43 | PreToolUse | 396fbe53 | 171343-PreToolUse-396fbe53.json
2025-11-04 17:13:48 | PreToolUse | 396fbe53 | 171348-PreToolUse-396fbe53.json
2025-11-04 17:13:48 | PostToolUse | 396fbe53 | 171348-PostToolUse-396fbe53.json
2025-11-04 17:13:53 | PreToolUse | 396fbe53 | 171353-PreToolUse-396fbe53.json
2025-11-04 17:13:53 | PreToolUse | 396fbe53 | 171353-PreToolUse-396fbe53.json
2025-11-04 17:13:53 | PostToolUse | 396fbe53 | 171353-PostToolUse-396fbe53.json
2025-11-04 17:13:53 | PostToolUse | 396fbe53 | 171353-PostToolUse-396fbe53.json
2025-11-04 17:13:57 | PreToolUse | 396fbe53 | 171357-PreToolUse-396fbe53.json
2025-11-04 17:13:57 | PostToolUse | 396fbe53 | 171357-PostToolUse-396fbe53.json
2025-11-04 17:14:01 | PreToolUse | 396fbe53 | 171401-PreToolUse-396fbe53.json
2025-11-04 17:14:02 | PostToolUse | 396fbe53 | 171402-PostToolUse-396fbe53.json
2025-11-04 17:14:05 | PreToolUse | 396fbe53 | 171405-PreToolUse-396fbe53.json
2025-11-04 17:14:05 | PostToolUse | 396fbe53 | 171405-PostToolUse-396fbe53.json
2025-11-04 17:14:10 | PreToolUse | 396fbe53 | 171410-PreToolUse-396fbe53.json
2025-11-04 17:14:10 | PreToolUse | 396fbe53 | 171410-PreToolUse-396fbe53.json
2025-11-04 17:14:10 | PostToolUse | 396fbe53 | 171410-PostToolUse-396fbe53.json
2025-11-04 17:14:10 | PostToolUse | 396fbe53 | 171410-PostToolUse-396fbe53.json
2025-11-04 17:14:13 | PreToolUse | 396fbe53 | 171413-PreToolUse-396fbe53.json
2025-11-04 17:14:13 | PostToolUse | 396fbe53 | 171413-PostToolUse-396fbe53.json
2025-11-04 17:14:17 | PreToolUse | 396fbe53 | 171417-PreToolUse-396fbe53.json
2025-11-04 17:14:17 | PostToolUse | 396fbe53 | 171417-PostToolUse-396fbe53.json
2025-11-04 17:16:27 | PreToolUse | 396fbe53 | 171627-PreToolUse-396fbe53.json
2025-11-04 17:16:57 | UserPromptSubmit | 396fbe53 | 171657-UserPromptSubmit-396fbe53.json
2025-11-04 17:17:05 | PreToolUse | 396fbe53 | 171705-PreToolUse-396fbe53.json
2025-11-04 17:17:05 | PostToolUse | 396fbe53 | 171705-PostToolUse-396fbe53.json
2025-11-04 17:17:31 | SessionEnd | 396fbe53 | 171731-SessionEnd-396fbe53.json
2025-11-04 18:29:04 | SessionStart | 8d4458d7 | 182904-SessionStart-8d4458d7.json
2025-11-04 18:29:05 | SessionEnd | 8d4458d7 | 182905-SessionEnd-8d4458d7.json
2025-11-04 18:29:05 | SessionStart | 71f2d304 | 182905-SessionStart-71f2d304.json
2025-11-04 18:29:08 | SubagentStop | 71f2d304 | 182908-SubagentStop-71f2d304.json
2025-11-04 18:29:13 | SubagentStop | 71f2d304 | 182913-SubagentStop-71f2d304.json
2025-11-04 18:29:18 | UserPromptSubmit | 71f2d304 | 182918-UserPromptSubmit-71f2d304.json
2025-11-04 18:29:25 | PreToolUse | 71f2d304 | 182925-PreToolUse-71f2d304.json
2025-11-04 18:29:25 | PostToolUse | 71f2d304 | 182925-PostToolUse-71f2d304.json
2025-11-04 18:29:30 | PreToolUse | 71f2d304 | 182930-PreToolUse-71f2d304.json
2025-11-04 18:53:01 | PostToolUse | 71f2d304 | 185301-PostToolUse-71f2d304.json
2025-11-04 18:53:05 | PreToolUse | 71f2d304 | 185305-PreToolUse-71f2d304.json
2025-11-04 18:53:05 | PostToolUse | 71f2d304 | 185305-PostToolUse-71f2d304.json
2025-11-04 18:53:10 | PreToolUse | 71f2d304 | 185310-PreToolUse-71f2d304.json
2025-11-04 18:53:15 | PostToolUse | 71f2d304 | 185315-PostToolUse-71f2d304.json
2025-11-04 18:53:19 | PreToolUse | 71f2d304 | 185319-PreToolUse-71f2d304.json
2025-11-04 18:54:01 | PreToolUse | 71f2d304 | 185401-PreToolUse-71f2d304.json
2025-11-04 18:54:55 | PreToolUse | 71f2d304 | 185455-PreToolUse-71f2d304.json
2025-11-04 18:54:55 | PostToolUse | 71f2d304 | 185455-PostToolUse-71f2d304.json
2025-11-04 18:54:59 | PreToolUse | 71f2d304 | 185459-PreToolUse-71f2d304.json
2025-11-04 18:55:06 | PostToolUse | 71f2d304 | 185506-PostToolUse-71f2d304.json
2025-11-04 18:55:11 | PreToolUse | 71f2d304 | 185511-PreToolUse-71f2d304.json
2025-11-04 19:07:44 | SessionEnd | 71f2d304 | 190744-SessionEnd-71f2d304.json
2025-11-04 21:18:16 | SessionStart | 13259a65 | 211816-SessionStart-13259a65.json
2025-11-04 21:18:16 | SessionEnd | 13259a65 | 211816-SessionEnd-13259a65.json
2025-11-04 21:18:16 | SessionStart | 1c1b49b0 | 211816-SessionStart-1c1b49b0.json
2025-11-04 21:18:21 | SubagentStop | 1c1b49b0 | 211821-SubagentStop-1c1b49b0.json
2025-11-04 21:18:25 | SubagentStop | 1c1b49b0 | 211825-SubagentStop-1c1b49b0.json
2025-11-04 21:19:55 | UserPromptSubmit | 1c1b49b0 | 211955-UserPromptSubmit-1c1b49b0.json
2025-11-04 21:19:59 | PreToolUse | 1c1b49b0 | 211959-PreToolUse-1c1b49b0.json
2025-11-04 21:20:03 | PreToolUse | 1c1b49b0 | 212003-PreToolUse-1c1b49b0.json
2025-11-04 21:20:03 | PostToolUse | 1c1b49b0 | 212003-PostToolUse-1c1b49b0.json
2025-11-04 21:20:07 | PreToolUse | 1c1b49b0 | 212007-PreToolUse-1c1b49b0.json
2025-11-04 21:20:07 | PostToolUse | 1c1b49b0 | 212007-PostToolUse-1c1b49b0.json
2025-11-04 21:20:12 | PreToolUse | 1c1b49b0 | 212012-PreToolUse-1c1b49b0.json
2025-11-04 21:20:21 | PostToolUse | 1c1b49b0 | 212021-PostToolUse-1c1b49b0.json
2025-11-04 21:20:25 | PreToolUse | 1c1b49b0 | 212025-PreToolUse-1c1b49b0.json
2025-11-04 21:20:25 | PostToolUse | 1c1b49b0 | 212025-PostToolUse-1c1b49b0.json
2025-11-04 21:20:29 | PreToolUse | 1c1b49b0 | 212029-PreToolUse-1c1b49b0.json
2025-11-04 21:20:29 | PostToolUse | 1c1b49b0 | 212029-PostToolUse-1c1b49b0.json
2025-11-04 21:20:34 | PreToolUse | 1c1b49b0 | 212034-PreToolUse-1c1b49b0.json
2025-11-04 21:20:35 | PostToolUse | 1c1b49b0 | 212035-PostToolUse-1c1b49b0.json
2025-11-04 21:20:45 | PreToolUse | 1c1b49b0 | 212045-PreToolUse-1c1b49b0.json
2025-11-04 21:20:45 | PostToolUse | 1c1b49b0 | 212045-PostToolUse-1c1b49b0.json
2025-11-04 21:20:55 | PreToolUse | 1c1b49b0 | 212055-PreToolUse-1c1b49b0.json
2025-11-04 21:20:59 | PreToolUse | 1c1b49b0 | 212059-PreToolUse-1c1b49b0.json
2025-11-04 21:20:59 | PostToolUse | 1c1b49b0 | 212059-PostToolUse-1c1b49b0.json
2025-11-04 21:21:14 | UserPromptSubmit | 1c1b49b0 | 212114-UserPromptSubmit-1c1b49b0.json
2025-11-04 21:21:18 | PreToolUse | 1c1b49b0 | 212118-PreToolUse-1c1b49b0.json
2025-11-04 21:21:19 | PostToolUse | 1c1b49b0 | 212119-PostToolUse-1c1b49b0.json
2025-11-04 21:21:23 | PreToolUse | 1c1b49b0 | 212123-PreToolUse-1c1b49b0.json
2025-11-04 21:21:25 | PostToolUse | 1c1b49b0 | 212125-PostToolUse-1c1b49b0.json
2025-11-04 21:21:31 | PreToolUse | 1c1b49b0 | 212131-PreToolUse-1c1b49b0.json
2025-11-04 21:21:35 | PostToolUse | 1c1b49b0 | 212135-PostToolUse-1c1b49b0.json
2025-11-04 21:21:42 | Stop | 1c1b49b0 | 212142-Stop-1c1b49b0.json
2025-11-04 21:43:09 | SessionEnd | 1c1b49b0 | 214309-SessionEnd-1c1b49b0.json
