2025-10-29 23:51:27 | SessionStart | f0d4fbc3 | 235127-SessionStart-f0d4fbc3.json
2025-10-29 23:51:29 | SubagentStop | f0d4fbc3 | 235129-SubagentStop-f0d4fbc3.json
2025-10-29 23:51:35 | UserPromptSubmit | f0d4fbc3 | 235135-UserPromptSubmit-f0d4fbc3.json
2025-10-29 23:51:48 | Stop | f0d4fbc3 | 235148-Stop-f0d4fbc3.json
2025-10-29 23:53:06 | UserPromptSubmit | f0d4fbc3 | 235306-UserPromptSubmit-f0d4fbc3.json
2025-10-29 23:53:27 | PreToolUse | f0d4fbc3 | 235327-PreToolUse-f0d4fbc3.json
2025-10-29 23:53:33 | Notification | f0d4fbc3 | 235333-Notification-f0d4fbc3.json
2025-10-29 23:54:44 | PostToolUse | f0d4fbc3 | 235444-PostToolUse-f0d4fbc3.json
2025-10-29 23:55:05 | PreToolUse | f0d4fbc3 | 235505-PreToolUse-f0d4fbc3.json
2025-10-29 23:55:11 | Notification | f0d4fbc3 | 235511-Notification-f0d4fbc3.json
2025-10-29 23:55:37 | PostToolUse | f0d4fbc3 | 235537-PostToolUse-f0d4fbc3.json
2025-10-29 23:55:46 | PreToolUse | f0d4fbc3 | 235546-PreToolUse-f0d4fbc3.json
2025-10-29 23:55:46 | PostToolUse | f0d4fbc3 | 235546-PostToolUse-f0d4fbc3.json
2025-10-29 23:57:07 | PreToolUse | f0d4fbc3 | 235707-PreToolUse-f0d4fbc3.json
2025-10-29 23:57:07 | PostToolUse | f0d4fbc3 | 235707-PostToolUse-f0d4fbc3.json
2025-10-29 23:57:15 | PreToolUse | f0d4fbc3 | 235715-PreToolUse-f0d4fbc3.json
2025-10-29 23:57:15 | PostToolUse | f0d4fbc3 | 235715-PostToolUse-f0d4fbc3.json
2025-10-29 23:57:20 | PreToolUse | f0d4fbc3 | 235720-PreToolUse-f0d4fbc3.json
2025-10-29 23:57:20 | PostToolUse | f0d4fbc3 | 235720-PostToolUse-f0d4fbc3.json
2025-10-29 23:57:24 | PreToolUse | f0d4fbc3 | 235724-PreToolUse-f0d4fbc3.json
2025-10-29 23:57:24 | PostToolUse | f0d4fbc3 | 235724-PostToolUse-f0d4fbc3.json
2025-10-29 23:57:30 | PreToolUse | f0d4fbc3 | 235730-PreToolUse-f0d4fbc3.json
2025-10-29 23:57:30 | PostToolUse | f0d4fbc3 | 235730-PostToolUse-f0d4fbc3.json
2025-10-29 23:58:02 | PreToolUse | f0d4fbc3 | 235802-PreToolUse-f0d4fbc3.json
2025-10-29 23:58:02 | PostToolUse | f0d4fbc3 | 235802-PostToolUse-f0d4fbc3.json
2025-10-29 23:58:07 | PreToolUse | f0d4fbc3 | 235807-PreToolUse-f0d4fbc3.json
2025-10-29 23:58:14 | PostToolUse | f0d4fbc3 | 235814-PostToolUse-f0d4fbc3.json
2025-10-29 23:58:18 | PreToolUse | f0d4fbc3 | 235818-PreToolUse-f0d4fbc3.json
2025-10-29 23:58:25 | PostToolUse | f0d4fbc3 | 235825-PostToolUse-f0d4fbc3.json
2025-10-29 23:58:30 | PreToolUse | f0d4fbc3 | 235830-PreToolUse-f0d4fbc3.json
2025-10-29 23:58:30 | PostToolUse | f0d4fbc3 | 235830-PostToolUse-f0d4fbc3.json
2025-10-29 23:58:35 | PreToolUse | f0d4fbc3 | 235835-PreToolUse-f0d4fbc3.json
2025-10-29 23:58:35 | PreToolUse | f0d4fbc3 | 235835-PreToolUse-f0d4fbc3.json
2025-10-29 23:58:35 | PreToolUse | f0d4fbc3 | 235835-PreToolUse-f0d4fbc3.json
2025-10-29 23:58:35 | PreToolUse | f0d4fbc3 | 235835-PreToolUse-f0d4fbc3.json
2025-10-29 23:58:36 | PostToolUse | f0d4fbc3 | 235836-PostToolUse-f0d4fbc3.json
2025-10-29 23:58:36 | PostToolUse | f0d4fbc3 | 235836-PostToolUse-f0d4fbc3.json
2025-10-29 23:58:36 | PostToolUse | f0d4fbc3 | 235836-PostToolUse-f0d4fbc3.json
2025-10-29 23:58:36 | PostToolUse | f0d4fbc3 | 235836-PostToolUse-f0d4fbc3.json
2025-10-29 23:58:54 | PreToolUse | f0d4fbc3 | 235854-PreToolUse-f0d4fbc3.json
2025-10-29 23:58:54 | PostToolUse | f0d4fbc3 | 235854-PostToolUse-f0d4fbc3.json
2025-10-29 23:59:28 | UserPromptSubmit | f0d4fbc3 | 235928-UserPromptSubmit-f0d4fbc3.json
