2025-10-30 00:00:36 | PreToolUse | f0d4fbc3 | 000036-PreToolUse-f0d4fbc3.json
2025-10-30 00:00:36 | PostToolUse | f0d4fbc3 | 000036-PostToolUse-f0d4fbc3.json
2025-10-30 00:00:45 | PreToolUse | f0d4fbc3 | 000045-PreToolUse-f0d4fbc3.json
2025-10-30 00:00:45 | PostToolUse | f0d4fbc3 | 000045-PostToolUse-f0d4fbc3.json
2025-10-30 00:01:34 | PreToolUse | f0d4fbc3 | 000134-PreToolUse-f0d4fbc3.json
2025-10-30 00:01:34 | PostToolUse | f0d4fbc3 | 000134-PostToolUse-f0d4fbc3.json
2025-10-30 00:02:01 | PreToolUse | f0d4fbc3 | 000201-PreToolUse-f0d4fbc3.json
2025-10-30 00:02:01 | PostToolUse | f0d4fbc3 | 000201-PostToolUse-f0d4fbc3.json
2025-10-30 00:02:33 | PreToolUse | f0d4fbc3 | 000233-PreToolUse-f0d4fbc3.json
2025-10-30 00:02:33 | PostToolUse | f0d4fbc3 | 000233-PostToolUse-f0d4fbc3.json
2025-10-30 00:02:58 | PreToolUse | f0d4fbc3 | 000258-PreToolUse-f0d4fbc3.json
2025-10-30 00:02:58 | PostToolUse | f0d4fbc3 | 000258-PostToolUse-f0d4fbc3.json
2025-10-30 00:03:07 | PreToolUse | f0d4fbc3 | 000307-PreToolUse-f0d4fbc3.json
2025-10-30 00:03:07 | PostToolUse | f0d4fbc3 | 000307-PostToolUse-f0d4fbc3.json
2025-10-30 00:03:36 | PreToolUse | f0d4fbc3 | 000336-PreToolUse-f0d4fbc3.json
2025-10-30 00:03:36 | PostToolUse | f0d4fbc3 | 000336-PostToolUse-f0d4fbc3.json
2025-10-30 00:04:18 | PreToolUse | f0d4fbc3 | 000418-PreToolUse-f0d4fbc3.json
2025-10-30 00:04:18 | PostToolUse | f0d4fbc3 | 000418-PostToolUse-f0d4fbc3.json
2025-10-30 00:04:51 | PreToolUse | f0d4fbc3 | 000451-PreToolUse-f0d4fbc3.json
2025-10-30 00:04:51 | PostToolUse | f0d4fbc3 | 000451-PostToolUse-f0d4fbc3.json
2025-10-30 00:05:01 | PreToolUse | f0d4fbc3 | 000501-PreToolUse-f0d4fbc3.json
2025-10-30 00:05:01 | PostToolUse | f0d4fbc3 | 000501-PostToolUse-f0d4fbc3.json
2025-10-30 00:05:18 | Stop | f0d4fbc3 | 000518-Stop-f0d4fbc3.json
2025-10-30 00:05:24 | Notification | f0d4fbc3 | 000524-Notification-f0d4fbc3.json
2025-10-30 00:19:59 | UserPromptSubmit | f0d4fbc3 | 001959-UserPromptSubmit-f0d4fbc3.json
2025-10-30 00:20:57 | PreToolUse | f0d4fbc3 | 002057-PreToolUse-f0d4fbc3.json
2025-10-30 00:20:57 | PostToolUse | f0d4fbc3 | 002057-PostToolUse-f0d4fbc3.json
2025-10-30 00:21:19 | PreToolUse | f0d4fbc3 | 002119-PreToolUse-f0d4fbc3.json
2025-10-30 00:21:19 | PostToolUse | f0d4fbc3 | 002119-PostToolUse-f0d4fbc3.json
2025-10-30 00:21:24 | PreToolUse | f0d4fbc3 | 002124-PreToolUse-f0d4fbc3.json
2025-10-30 00:21:26 | PostToolUse | f0d4fbc3 | 002126-PostToolUse-f0d4fbc3.json
2025-10-30 00:21:34 | PreToolUse | f0d4fbc3 | 002134-PreToolUse-f0d4fbc3.json
2025-10-30 00:21:34 | PostToolUse | f0d4fbc3 | 002134-PostToolUse-f0d4fbc3.json
2025-10-30 00:21:42 | PreToolUse | f0d4fbc3 | 002142-PreToolUse-f0d4fbc3.json
2025-10-30 00:21:42 | PostToolUse | f0d4fbc3 | 002142-PostToolUse-f0d4fbc3.json
2025-10-30 00:21:50 | PreToolUse | f0d4fbc3 | 002150-PreToolUse-f0d4fbc3.json
2025-10-30 00:21:50 | PostToolUse | f0d4fbc3 | 002150-PostToolUse-f0d4fbc3.json
2025-10-30 00:21:55 | PreToolUse | f0d4fbc3 | 002155-PreToolUse-f0d4fbc3.json
2025-10-30 00:21:55 | PostToolUse | f0d4fbc3 | 002155-PostToolUse-f0d4fbc3.json
2025-10-30 00:22:00 | PreToolUse | f0d4fbc3 | 002200-PreToolUse-f0d4fbc3.json
2025-10-30 00:22:04 | PostToolUse | f0d4fbc3 | 002204-PostToolUse-f0d4fbc3.json
2025-10-30 00:22:16 | PreToolUse | f0d4fbc3 | 002216-PreToolUse-f0d4fbc3.json
2025-10-30 00:22:21 | PostToolUse | f0d4fbc3 | 002221-PostToolUse-f0d4fbc3.json
2025-10-30 00:22:28 | PreToolUse | f0d4fbc3 | 002228-PreToolUse-f0d4fbc3.json
2025-10-30 00:22:35 | PostToolUse | f0d4fbc3 | 002235-PostToolUse-f0d4fbc3.json
2025-10-30 00:22:39 | PreToolUse | f0d4fbc3 | 002239-PreToolUse-f0d4fbc3.json
2025-10-30 00:22:43 | PostToolUse | f0d4fbc3 | 002243-PostToolUse-f0d4fbc3.json
2025-10-30 00:22:50 | PreToolUse | f0d4fbc3 | 002250-PreToolUse-f0d4fbc3.json
2025-10-30 00:22:50 | PostToolUse | f0d4fbc3 | 002250-PostToolUse-f0d4fbc3.json
2025-10-30 00:23:05 | Stop | f0d4fbc3 | 002305-Stop-f0d4fbc3.json
2025-10-30 00:30:26 | UserPromptSubmit | f0d4fbc3 | 003026-UserPromptSubmit-f0d4fbc3.json
2025-10-30 00:30:33 | PreToolUse | f0d4fbc3 | 003033-PreToolUse-f0d4fbc3.json
2025-10-30 00:30:42 | PostToolUse | f0d4fbc3 | 003042-PostToolUse-f0d4fbc3.json
2025-10-30 00:31:15 | PreToolUse | f0d4fbc3 | 003115-PreToolUse-f0d4fbc3.json
2025-10-30 00:31:15 | PostToolUse | f0d4fbc3 | 003115-PostToolUse-f0d4fbc3.json
2025-10-30 00:31:19 | PreToolUse | f0d4fbc3 | 003119-PreToolUse-f0d4fbc3.json
2025-10-30 00:31:25 | PostToolUse | f0d4fbc3 | 003125-PostToolUse-f0d4fbc3.json
2025-10-30 00:31:29 | PreToolUse | f0d4fbc3 | 003129-PreToolUse-f0d4fbc3.json
2025-10-30 00:31:36 | Notification | f0d4fbc3 | 003136-Notification-f0d4fbc3.json
2025-10-30 00:32:56 | PreToolUse | f0d4fbc3 | 003256-PreToolUse-f0d4fbc3.json
2025-10-30 00:33:02 | PostToolUse | f0d4fbc3 | 003302-PostToolUse-f0d4fbc3.json
2025-10-30 00:33:11 | Stop | f0d4fbc3 | 003311-Stop-f0d4fbc3.json
2025-10-30 00:36:50 | UserPromptSubmit | f0d4fbc3 | 003650-UserPromptSubmit-f0d4fbc3.json
2025-10-30 00:36:58 | PreToolUse | f0d4fbc3 | 003658-PreToolUse-f0d4fbc3.json
2025-10-30 00:37:04 | PostToolUse | f0d4fbc3 | 003703-PostToolUse-f0d4fbc3.json
2025-10-30 00:37:10 | PreToolUse | f0d4fbc3 | 003710-PreToolUse-f0d4fbc3.json
2025-10-30 00:37:11 | PostToolUse | f0d4fbc3 | 003711-PostToolUse-f0d4fbc3.json
2025-10-30 00:37:15 | PreToolUse | f0d4fbc3 | 003715-PreToolUse-f0d4fbc3.json
2025-10-30 00:37:15 | PostToolUse | f0d4fbc3 | 003715-PostToolUse-f0d4fbc3.json
2025-10-30 00:37:20 | PreToolUse | f0d4fbc3 | 003720-PreToolUse-f0d4fbc3.json
2025-10-30 00:37:21 | PostToolUse | f0d4fbc3 | 003721-PostToolUse-f0d4fbc3.json
2025-10-30 00:37:32 | PreToolUse | f0d4fbc3 | 003732-PreToolUse-f0d4fbc3.json
2025-10-30 00:37:32 | PostToolUse | f0d4fbc3 | 003732-PostToolUse-f0d4fbc3.json
2025-10-30 00:37:39 | PreToolUse | f0d4fbc3 | 003739-PreToolUse-f0d4fbc3.json
2025-10-30 00:37:39 | PostToolUse | f0d4fbc3 | 003739-PostToolUse-f0d4fbc3.json
2025-10-30 00:37:45 | PreToolUse | f0d4fbc3 | 003745-PreToolUse-f0d4fbc3.json
2025-10-30 00:37:45 | PostToolUse | f0d4fbc3 | 003745-PostToolUse-f0d4fbc3.json
2025-10-30 00:37:55 | PreToolUse | f0d4fbc3 | 003755-PreToolUse-f0d4fbc3.json
2025-10-30 00:37:55 | PostToolUse | f0d4fbc3 | 003755-PostToolUse-f0d4fbc3.json
2025-10-30 00:38:00 | PreToolUse | f0d4fbc3 | 003800-PreToolUse-f0d4fbc3.json
2025-10-30 00:38:00 | PostToolUse | f0d4fbc3 | 003800-PostToolUse-f0d4fbc3.json
2025-10-30 00:38:07 | PreToolUse | f0d4fbc3 | 003807-PreToolUse-f0d4fbc3.json
2025-10-30 00:38:11 | PostToolUse | f0d4fbc3 | 003811-PostToolUse-f0d4fbc3.json
2025-10-30 00:38:15 | PreToolUse | f0d4fbc3 | 003815-PreToolUse-f0d4fbc3.json
2025-10-30 00:38:17 | PostToolUse | f0d4fbc3 | 003817-PostToolUse-f0d4fbc3.json
2025-10-30 00:38:34 | Stop | f0d4fbc3 | 003834-Stop-f0d4fbc3.json
2025-10-30 00:41:27 | UserPromptSubmit | f0d4fbc3 | 004127-UserPromptSubmit-f0d4fbc3.json
2025-10-30 00:41:50 | PreToolUse | f0d4fbc3 | 004150-PreToolUse-f0d4fbc3.json
2025-10-30 00:41:50 | PostToolUse | f0d4fbc3 | 004150-PostToolUse-f0d4fbc3.json
2025-10-30 00:42:00 | PreToolUse | f0d4fbc3 | 004200-PreToolUse-f0d4fbc3.json
2025-10-30 00:42:00 | PostToolUse | f0d4fbc3 | 004200-PostToolUse-f0d4fbc3.json
2025-10-30 00:42:10 | PreToolUse | f0d4fbc3 | 004210-PreToolUse-f0d4fbc3.json
2025-10-30 00:42:10 | PostToolUse | f0d4fbc3 | 004210-PostToolUse-f0d4fbc3.json
2025-10-30 00:42:44 | PreToolUse | f0d4fbc3 | 004244-PreToolUse-f0d4fbc3.json
2025-10-30 00:42:44 | PostToolUse | f0d4fbc3 | 004244-PostToolUse-f0d4fbc3.json
2025-10-30 00:42:48 | PreToolUse | f0d4fbc3 | 004248-PreToolUse-f0d4fbc3.json
2025-10-30 00:42:55 | Notification | f0d4fbc3 | 004255-Notification-f0d4fbc3.json
2025-10-30 00:43:49 | PostToolUse | f0d4fbc3 | 004349-PostToolUse-f0d4fbc3.json
2025-10-30 00:44:26 | PreToolUse | f0d4fbc3 | 004426-PreToolUse-f0d4fbc3.json
2025-10-30 00:44:26 | PostToolUse | f0d4fbc3 | 004426-PostToolUse-f0d4fbc3.json
2025-10-30 00:44:35 | PreToolUse | f0d4fbc3 | 004435-PreToolUse-f0d4fbc3.json
2025-10-30 00:44:36 | PostToolUse | f0d4fbc3 | 004436-PostToolUse-f0d4fbc3.json
2025-10-30 00:44:59 | Stop | f0d4fbc3 | 004458-Stop-f0d4fbc3.json
2025-10-30 00:51:52 | UserPromptSubmit | f0d4fbc3 | 005152-UserPromptSubmit-f0d4fbc3.json
2025-10-30 00:52:16 | PreToolUse | f0d4fbc3 | 005216-PreToolUse-f0d4fbc3.json
2025-10-30 00:52:22 | Notification | f0d4fbc3 | 005222-Notification-f0d4fbc3.json
2025-10-30 00:53:29 | PostToolUse | f0d4fbc3 | 005329-PostToolUse-f0d4fbc3.json
2025-10-30 00:53:42 | PreToolUse | f0d4fbc3 | 005342-PreToolUse-f0d4fbc3.json
2025-10-30 00:53:44 | PostToolUse | f0d4fbc3 | 005344-PostToolUse-f0d4fbc3.json
2025-10-30 00:55:04 | PreToolUse | f0d4fbc3 | 005504-PreToolUse-f0d4fbc3.json
2025-10-30 00:55:04 | PostToolUse | f0d4fbc3 | 005504-PostToolUse-f0d4fbc3.json
2025-10-30 00:55:09 | PreToolUse | f0d4fbc3 | 005509-PreToolUse-f0d4fbc3.json
2025-10-30 00:55:09 | PostToolUse | f0d4fbc3 | 005509-PostToolUse-f0d4fbc3.json
2025-10-30 00:56:27 | PreToolUse | f0d4fbc3 | 005627-PreToolUse-f0d4fbc3.json
2025-10-30 00:56:27 | PostToolUse | f0d4fbc3 | 005627-PostToolUse-f0d4fbc3.json
2025-10-30 00:56:28 | PreCompact | f0d4fbc3 | 005628-PreCompact-f0d4fbc3.json
2025-10-30 00:58:07 | SessionStart | f0d4fbc3 | 005807-SessionStart-f0d4fbc3.json
2025-10-30 00:58:13 | PreToolUse | f0d4fbc3 | 005813-PreToolUse-f0d4fbc3.json
2025-10-30 00:58:13 | PostToolUse | f0d4fbc3 | 005813-PostToolUse-f0d4fbc3.json
2025-10-30 00:59:04 | PreToolUse | f0d4fbc3 | 005904-PreToolUse-f0d4fbc3.json
2025-10-30 00:59:04 | PostToolUse | f0d4fbc3 | 005904-PostToolUse-f0d4fbc3.json
2025-10-30 00:59:08 | PreToolUse | f0d4fbc3 | 005908-PreToolUse-f0d4fbc3.json
2025-10-30 00:59:08 | PostToolUse | f0d4fbc3 | 005908-PostToolUse-f0d4fbc3.json
2025-10-30 01:00:54 | PreToolUse | f0d4fbc3 | 010054-PreToolUse-f0d4fbc3.json
2025-10-30 01:00:54 | PostToolUse | f0d4fbc3 | 010054-PostToolUse-f0d4fbc3.json
2025-10-30 01:00:59 | PreToolUse | f0d4fbc3 | 010059-PreToolUse-f0d4fbc3.json
2025-10-30 01:00:59 | PostToolUse | f0d4fbc3 | 010059-PostToolUse-f0d4fbc3.json
2025-10-30 01:01:03 | PreToolUse | f0d4fbc3 | 010103-PreToolUse-f0d4fbc3.json
